2022-05-15 10:50:04,992:INFO: device_master: cuda:0
2022-05-15 10:50:04,993:INFO: device_ids: [0, 1, 2, 3, 4]
2022-05-15 10:50:04,995:INFO: --------Process Done!--------
2022-05-15 10:51:51,152:INFO: --------Dataset Build!--------
2022-05-15 10:51:51,153:INFO: --------Get Dataloader!--------
2022-05-15 10:51:53,588:INFO: --------Start Training!--------
2022-05-15 10:58:11,758:INFO: Epoch: 1, train loss: 0.22284800349589104
2022-05-15 10:58:34,467:INFO: Epoch: 1, dev loss: 0.07761881976621225, f1 score: 0.968941184803492
2022-05-15 10:58:35,737:INFO: --------Save best model!--------
2022-05-15 11:04:57,237:INFO: Epoch: 2, train loss: 0.06708852067616296
2022-05-15 11:05:19,698:INFO: Epoch: 2, dev loss: 0.0602432225481607, f1 score: 0.9764457562093729
2022-05-15 11:05:21,867:INFO: --------Save best model!--------
2022-05-15 11:11:38,512:INFO: Epoch: 3, train loss: 0.042410567798765016
2022-05-15 11:12:01,193:INFO: Epoch: 3, dev loss: 0.06140026317843876, f1 score: 0.97929244384598
2022-05-15 11:12:02,819:INFO: --------Save best model!--------
2022-05-15 11:18:21,742:INFO: Epoch: 4, train loss: 0.029259218260262967
2022-05-15 11:18:44,479:INFO: Epoch: 4, dev loss: 0.06134032220579684, f1 score: 0.9802907458165989
2022-05-15 11:18:46,812:INFO: --------Save best model!--------
2022-05-15 11:25:07,649:INFO: Epoch: 5, train loss: 0.021053528465508824
2022-05-15 11:25:30,216:INFO: Epoch: 5, dev loss: 0.0639263304126871, f1 score: 0.9804939179106129
2022-05-15 11:25:32,045:INFO: --------Save best model!--------
2022-05-15 11:31:50,482:INFO: Epoch: 6, train loss: 0.015484533666040395
2022-05-15 11:32:13,167:INFO: Epoch: 6, dev loss: 0.06967639618924296, f1 score: 0.98159618002137
2022-05-15 11:32:15,792:INFO: --------Save best model!--------
2022-05-15 11:38:36,398:INFO: Epoch: 7, train loss: 0.011672722604412327
2022-05-15 11:38:59,118:INFO: Epoch: 7, dev loss: 0.07393587981302971, f1 score: 0.9814896020197993
2022-05-15 11:45:18,048:INFO: Epoch: 8, train loss: 0.009463521551567015
2022-05-15 11:45:40,496:INFO: Epoch: 8, dev loss: 0.07740840847799291, f1 score: 0.9816113324479858
2022-05-15 11:45:43,640:INFO: --------Save best model!--------
2022-05-15 11:51:59,323:INFO: Epoch: 9, train loss: 0.007624617122425514
2022-05-15 11:52:22,348:INFO: Epoch: 9, dev loss: 0.07930554229502604, f1 score: 0.9819884885838477
2022-05-15 11:52:24,625:INFO: --------Save best model!--------
2022-05-15 11:58:44,069:INFO: Epoch: 10, train loss: 0.0066700812735730475
2022-05-15 11:59:06,657:INFO: Epoch: 10, dev loss: 0.07649510360429304, f1 score: 0.9818683047684895
2022-05-15 12:05:19,085:INFO: Epoch: 11, train loss: 0.005487260670429208
2022-05-15 12:05:41,767:INFO: Epoch: 11, dev loss: 0.0890710008960923, f1 score: 0.981772264067346
2022-05-15 12:12:03,161:INFO: Epoch: 12, train loss: 0.004756390655919649
2022-05-15 12:12:25,826:INFO: Epoch: 12, dev loss: 0.0846225327281104, f1 score: 0.9817914388750565
2022-05-15 12:18:48,395:INFO: Epoch: 13, train loss: 0.0040692498439959
2022-05-15 12:19:11,023:INFO: Epoch: 13, dev loss: 0.08988977691449236, f1 score: 0.982451785627219
2022-05-15 12:19:12,508:INFO: --------Save best model!--------
2022-05-15 12:25:34,723:INFO: Epoch: 14, train loss: 0.0037154488972639867
2022-05-15 12:25:57,485:INFO: Epoch: 14, dev loss: 0.09221531320883969, f1 score: 0.9823845956081171
2022-05-15 12:32:11,058:INFO: Epoch: 15, train loss: 0.0034246347984977616
2022-05-15 12:32:33,903:INFO: Epoch: 15, dev loss: 0.08905409852525281, f1 score: 0.9825663563906378
2022-05-15 12:32:35,693:INFO: --------Save best model!--------
2022-05-15 12:38:59,247:INFO: Epoch: 16, train loss: 0.0028937647689376562
2022-05-15 12:39:21,858:INFO: Epoch: 16, dev loss: 0.08893570176240359, f1 score: 0.9824646879830626
2022-05-15 12:45:43,014:INFO: Epoch: 17, train loss: 0.002611861968260281
2022-05-15 12:46:05,431:INFO: Epoch: 17, dev loss: 0.09337742853811619, f1 score: 0.9829972496202173
2022-05-15 12:46:06,847:INFO: --------Save best model!--------
2022-05-15 12:52:26,605:INFO: Epoch: 18, train loss: 0.00245033396639402
2022-05-15 12:52:49,240:INFO: Epoch: 18, dev loss: 0.09508491994834571, f1 score: 0.9824466552923712
2022-05-15 12:59:11,002:INFO: Epoch: 19, train loss: 0.0021197304443624585
2022-05-15 12:59:33,718:INFO: Epoch: 19, dev loss: 0.09688169160700114, f1 score: 0.9830724724999668
2022-05-15 12:59:35,568:INFO: --------Save best model!--------
2022-05-15 13:05:55,461:INFO: Epoch: 20, train loss: 0.0021152738302610426
2022-05-15 13:06:18,485:INFO: Epoch: 20, dev loss: 0.09047696722639387, f1 score: 0.9830245751715038
2022-05-15 13:12:39,956:INFO: Epoch: 21, train loss: 0.0017186151817433087
2022-05-15 13:13:02,657:INFO: Epoch: 21, dev loss: 0.10263103698418945, f1 score: 0.9830319297359783
2022-05-15 13:13:02,657:INFO: Best val f1: 0.9830724724999668
2022-05-15 13:13:02,657:INFO: Training Finished!
2022-05-15 13:13:13,381:INFO: --------Dataset Build!--------
2022-05-15 13:13:13,382:INFO: --------Get Data-loader!--------
2022-05-15 13:13:15,962:INFO: --------Load model from /nfs/volume-1280-3/hcc/Learning/OpenSource/WordSeg/BERT-Softmax/experiments/bert_pku/--------
2022-05-15 13:13:34,197:INFO: --------Bad Cases reserved !--------
2022-05-15 13:13:34,471:INFO: test loss: 0.25146653932679985, f1 score: 0.9673410696509038, precision: 0.9712318448702101, recall: 0.9634813431048522
