2022-05-14 23:39:07,911:INFO: device: cuda:0
2022-05-14 23:39:07,914:INFO: --------Process Done!--------
2022-05-14 23:40:54,781:INFO: --------Dataset Build!--------
2022-05-14 23:40:54,782:INFO: --------Get Dataloader!--------
2022-05-14 23:41:00,312:INFO: --------Start Training!--------
2022-05-15 00:04:12,745:INFO: Epoch: 1, train loss: 95.30026239450811
2022-05-15 00:05:20,467:INFO: Epoch: 1, dev loss: 34.120731288194655, f1 score: 0.9657527563664748
2022-05-15 00:05:22,934:INFO: --------Save best model!--------
2022-05-15 00:27:38,543:INFO: Epoch: 2, train loss: 28.04135431209482
2022-05-15 00:28:47,149:INFO: Epoch: 2, dev loss: 23.83169798652331, f1 score: 0.9760654909830292
2022-05-15 00:28:49,036:INFO: --------Save best model!--------
2022-05-15 00:51:08,514:INFO: Epoch: 3, train loss: 17.7666480052739
2022-05-15 00:52:16,157:INFO: Epoch: 3, dev loss: 23.69028826554616, f1 score: 0.9794253265592678
2022-05-15 00:52:18,874:INFO: --------Save best model!--------
2022-05-15 01:14:44,509:INFO: Epoch: 4, train loss: 12.135617170450946
2022-05-15 01:15:52,073:INFO: Epoch: 4, dev loss: 28.70330262929201, f1 score: 0.9809136794898498
2022-05-15 01:15:55,173:INFO: --------Save best model!--------
2022-05-15 01:38:13,164:INFO: Epoch: 5, train loss: 9.484340199282082
2022-05-15 01:39:20,052:INFO: Epoch: 5, dev loss: 29.523445969820024, f1 score: 0.9814269756555968
2022-05-15 01:39:23,149:INFO: --------Save best model!--------
2022-05-15 02:01:52,589:INFO: Epoch: 6, train loss: 7.519670660555956
2022-05-15 02:03:00,729:INFO: Epoch: 6, dev loss: 34.309204792479676, f1 score: 0.9813530767866643
2022-05-15 02:25:21,049:INFO: Epoch: 7, train loss: 6.277825560179993
2022-05-15 02:26:28,790:INFO: Epoch: 7, dev loss: 36.150667624842995, f1 score: 0.9817112853455642
2022-05-15 02:26:31,361:INFO: --------Save best model!--------
2022-05-15 02:49:07,430:INFO: Epoch: 8, train loss: 5.159421443093533
2022-05-15 02:50:16,758:INFO: Epoch: 8, dev loss: 37.26927186250687, f1 score: 0.9814832046152415
2022-05-15 03:14:02,550:INFO: Epoch: 9, train loss: 4.382996440292758
2022-05-15 03:15:11,210:INFO: Epoch: 9, dev loss: 29.856254506111146, f1 score: 0.9822593303684259
2022-05-15 03:15:13,996:INFO: --------Save best model!--------
2022-05-15 03:37:40,991:INFO: Epoch: 10, train loss: 4.188236959394217
2022-05-15 03:38:49,172:INFO: Epoch: 10, dev loss: 26.674605385462442, f1 score: 0.9821232415577053
2022-05-15 04:01:14,698:INFO: Epoch: 11, train loss: 4.146872141583804
2022-05-15 04:02:22,608:INFO: Epoch: 11, dev loss: 24.062427679697674, f1 score: 0.9826953422811653
2022-05-15 04:02:25,225:INFO: --------Save best model!--------
2022-05-15 04:24:30,055:INFO: Epoch: 12, train loss: 4.771828947228526
2022-05-15 04:25:38,066:INFO: Epoch: 12, dev loss: 24.532991154988608, f1 score: 0.9818690219924102
2022-05-15 04:47:46,112:INFO: Epoch: 13, train loss: 5.736805993372405
2022-05-15 04:48:53,953:INFO: Epoch: 13, dev loss: 21.905052757263185, f1 score: 0.9821565456277556
2022-05-15 05:11:12,631:INFO: Epoch: 14, train loss: 7.498446459457613
2022-05-15 05:12:20,740:INFO: Epoch: 14, dev loss: 20.274124908447266, f1 score: 0.9821135470362254
2022-05-15 05:35:29,948:INFO: Epoch: 15, train loss: 9.675517329855984
2022-05-15 05:36:38,447:INFO: Epoch: 15, dev loss: 19.10194180806478, f1 score: 0.982660598836359
2022-05-15 05:36:38,447:INFO: Best val f1: 0.9826953422811653
2022-05-15 05:36:38,448:INFO: Training Finished!
2022-05-15 05:36:49,037:INFO: --------Dataset Build!--------
2022-05-15 05:36:49,038:INFO: --------Get Data-loader!--------
2022-05-15 05:36:53,321:INFO: --------Load model from /nfs/volume-1280-3/hcc/Learning/OpenSource/WordSeg/BERT-CRF/experiments/bert_pku/--------
2022-05-15 05:37:50,028:INFO: --------Bad Cases reserved !--------
2022-05-15 05:37:50,291:INFO: test loss: 48.60602805170789, f1 score: 0.9661582872263652, precision: 0.9704537766394433, recall: 0.9619006562245533
