2022-05-14 23:55:29,114:INFO: device: cuda:0
2022-05-14 23:55:35,541:INFO: -------- training data process DONE!--------
2022-05-14 23:55:36,101:INFO: -------- test data process DONE!--------
2022-05-14 23:55:36,116:INFO: --------Process Done!--------
2022-05-14 23:58:15,902:INFO: --------Dataset Build!--------
2022-05-14 23:58:15,903:INFO: --------Get Dataloader!--------
2022-05-14 23:58:17,451:INFO: --------Start Training!--------
2022-05-15 00:48:57,341:INFO: Epoch: 1, train loss: 41.38531744971837
2022-05-15 00:50:47,301:INFO: Epoch: 1, dev loss: 14.727073808054147, f1 score: 0.9646495417690993
2022-05-15 00:50:49,310:INFO: --------Save best model!--------
2022-05-15 01:40:21,851:INFO: Epoch: 2, train loss: 11.90080264180693
2022-05-15 01:42:26,159:INFO: Epoch: 2, dev loss: 11.429364478577137, f1 score: 0.9760824680762208
2022-05-15 01:42:28,845:INFO: --------Save best model!--------
2022-05-15 02:33:19,099:INFO: Epoch: 3, train loss: 7.438842222686318
2022-05-15 02:35:29,369:INFO: Epoch: 3, dev loss: 11.606225857958403, f1 score: 0.9808212755982696
2022-05-15 02:35:31,598:INFO: --------Save best model!--------
2022-05-15 03:28:18,695:INFO: Epoch: 4, train loss: 5.30017394666138
2022-05-15 03:30:32,400:INFO: Epoch: 4, dev loss: 10.408420753128066, f1 score: 0.9818235296625161
2022-05-15 03:30:34,520:INFO: --------Save best model!--------
2022-05-15 04:23:28,834:INFO: Epoch: 5, train loss: 3.93110563592048
2022-05-15 04:25:39,009:INFO: Epoch: 5, dev loss: 10.42172721990666, f1 score: 0.9830041243438544
2022-05-15 04:25:41,592:INFO: --------Save best model!--------
2022-05-15 05:18:34,327:INFO: Epoch: 6, train loss: 3.075619932517139
2022-05-15 05:20:42,168:INFO: Epoch: 6, dev loss: 9.561705509456013, f1 score: 0.9833578447044782
2022-05-15 05:20:44,958:INFO: --------Save best model!--------
2022-05-15 06:13:37,387:INFO: Epoch: 7, train loss: 2.6281004307369367
2022-05-15 06:15:47,105:INFO: Epoch: 7, dev loss: 7.839380736293986, f1 score: 0.9839967609955677
2022-05-15 06:15:49,229:INFO: --------Save best model!--------
2022-05-15 07:09:04,314:INFO: Epoch: 8, train loss: 2.817123466899198
2022-05-15 07:11:13,572:INFO: Epoch: 8, dev loss: 6.9330284308158925, f1 score: 0.9841102823087375
2022-05-15 07:11:16,252:INFO: --------Save best model!--------
2022-05-15 08:04:41,157:INFO: Epoch: 9, train loss: 3.7898723568174195
2022-05-15 08:06:49,552:INFO: Epoch: 9, dev loss: 7.669277384178071, f1 score: 0.9823600882315888
2022-05-15 08:55:22,905:INFO: Epoch: 10, train loss: 5.191049491478725
2022-05-15 08:57:30,101:INFO: Epoch: 10, dev loss: 7.589089092686293, f1 score: 0.9814973042712989
2022-05-15 09:46:57,798:INFO: Epoch: 11, train loss: 7.006607082960644
2022-05-15 09:49:08,894:INFO: Epoch: 11, dev loss: 7.377404122585097, f1 score: 0.9820215655855421
2022-05-15 09:49:08,895:INFO: Best val f1: 0.9841102823087375
2022-05-15 09:49:08,896:INFO: Training Finished!
2022-05-15 09:49:16,894:INFO: --------Dataset Build!--------
2022-05-15 09:49:16,896:INFO: --------Get Data-loader!--------
2022-05-15 09:49:20,696:INFO: --------Load model from /nfs/volume-1280-3/hcc/Learning/OpenSource/WordSeg/BERT-CRF/experiments/bert_msr/--------
2022-05-15 09:50:08,863:INFO: --------Bad Cases reserved !--------
2022-05-15 09:50:09,072:INFO: test loss: 8.77175220730551, f1 score: 0.9796109503338858, precision: 0.9805292810739362, recall: 0.9786943381396611
